<?xml version="1.0" encoding="UTF-8"?>
<!-- Generated by org.testng.reporters.JUnitReportReporter -->
<testsuite skipped="0" hostname="LAPTOP-20464U94" name="examples.BookMyshowVirtualDevice" tests="1" failures="0" timestamp="2019-11-30T16:13:12 EST" time="33.690" errors="0">
  <testcase name="Login" time="33.690" classname="examples.BookMyshowVirtualDevice"/>
</testsuite> <!-- examples.BookMyshowVirtualDevice -->
