<?xml version="1.0" encoding="UTF-8"?>
<!-- Generated by org.testng.reporters.JUnitReportReporter -->
<testsuite skipped="0" hostname="LAPTOP-20464U94" name="examples.DemoRealDeviceChrome" tests="1" failures="0" timestamp="2020-06-25T15:00:10 EDT" time="25.502" errors="0">
  <testcase name="test" time="25.502" classname="examples.DemoRealDeviceChrome"/>
</testsuite> <!-- examples.DemoRealDeviceChrome -->
