<?xml version="1.0" encoding="UTF-8"?>
<!-- Generated by org.testng.reporters.JUnitReportReporter -->
<testsuite skipped="0" hostname="LAPTOP-20464U94" name="examples.BookMyshowVirtualDevice" tests="1" failures="0" timestamp="2020-12-12T14:21:00 EST" time="41.057" errors="0">
  <testcase name="Login" time="41.057" classname="examples.BookMyshowVirtualDevice"/>
</testsuite> <!-- examples.BookMyshowVirtualDevice -->
